--- 2023-06-20 20:50:47.694295 ---
Traceback (most recent call last):
  File "B:\Anaconda\lib\runpy.py", line 197, in _run_module_as_main
    return _run_code(code, main_globals, None,
  File "B:\Anaconda\lib\runpy.py", line 87, in _run_code
    exec(code, run_globals)
  File "B:\documents\coding\github\codespace_play\dizzy\dizzy\daemon\__main__.py", line 58, in <module>
    main()
  File "B:\documents\coding\github\codespace_play\dizzy\dizzy\daemon\__main__.py", line 52, in main
    server()
  File "B:\documents\coding\github\codespace_play\dizzy\dizzy\daemon\__main__.py", line 15, in server
    server = Server()
  File "B:\documents\coding\github\codespace_play\dizzy\dizzy\daemon\server.py", line 14, in __init__
    self.socket.bind("tcp://*:5565")
  File "C:\Users\15039\AppData\Local\pypoetry\Cache\virtualenvs\dizzy-gRbaAiof-py3.9\lib\site-packages\zmq\sugar\socket.py", line 302, in bind
    super().bind(addr)
  File "zmq\backend\cython\socket.pyx", line 564, in zmq.backend.cython.socket.Socket.bind
  File "zmq\backend\cython\checkrc.pxd", line 28, in zmq.backend.cython.checkrc._check_rc
zmq.error.ZMQError: Address in use (addr='tcp://*:5565')
--- 2023-06-20 20:51:25.399865 ---
Traceback (most recent call last):
  File "B:\Anaconda\lib\runpy.py", line 197, in _run_module_as_main
    return _run_code(code, main_globals, None,
  File "B:\Anaconda\lib\runpy.py", line 87, in _run_code
    exec(code, run_globals)
  File "B:\documents\coding\github\codespace_play\dizzy\dizzy\daemon\__main__.py", line 58, in <module>
    main()
  File "B:\documents\coding\github\codespace_play\dizzy\dizzy\daemon\__main__.py", line 52, in main
    server()
  File "B:\documents\coding\github\codespace_play\dizzy\dizzy\daemon\__main__.py", line 15, in server
    server = Server()
  File "B:\documents\coding\github\codespace_play\dizzy\dizzy\daemon\server.py", line 14, in __init__
    self.socket.bind("tcp://*:5565")
  File "C:\Users\15039\AppData\Local\pypoetry\Cache\virtualenvs\dizzy-gRbaAiof-py3.9\lib\site-packages\zmq\sugar\socket.py", line 302, in bind
    super().bind(addr)
  File "zmq\backend\cython\socket.pyx", line 564, in zmq.backend.cython.socket.Socket.bind
  File "zmq\backend\cython\checkrc.pxd", line 28, in zmq.backend.cython.checkrc._check_rc
zmq.error.ZMQError: Address in use (addr='tcp://*:5565')
--- 2023-06-20 20:51:38.972529 ---
Traceback (most recent call last):
  File "B:\Anaconda\lib\runpy.py", line 197, in _run_module_as_main
    return _run_code(code, main_globals, None,
  File "B:\Anaconda\lib\runpy.py", line 87, in _run_code
    exec(code, run_globals)
  File "B:\documents\coding\github\codespace_play\dizzy\dizzy\daemon\__main__.py", line 58, in <module>
    main()
  File "B:\documents\coding\github\codespace_play\dizzy\dizzy\daemon\__main__.py", line 52, in main
    server()
  File "B:\documents\coding\github\codespace_play\dizzy\dizzy\daemon\__main__.py", line 15, in server
    server = Server()
  File "B:\documents\coding\github\codespace_play\dizzy\dizzy\daemon\server.py", line 14, in __init__
    self.socket.bind("tcp://*:5565")
  File "C:\Users\15039\AppData\Local\pypoetry\Cache\virtualenvs\dizzy-gRbaAiof-py3.9\lib\site-packages\zmq\sugar\socket.py", line 302, in bind
    super().bind(addr)
  File "zmq\backend\cython\socket.pyx", line 564, in zmq.backend.cython.socket.Socket.bind
  File "zmq\backend\cython\checkrc.pxd", line 28, in zmq.backend.cython.checkrc._check_rc
zmq.error.ZMQError: Address in use (addr='tcp://*:5565')
--- 2023-06-20 20:52:12.454148 ---
Traceback (most recent call last):
  File "B:\Anaconda\lib\runpy.py", line 197, in _run_module_as_main
    return _run_code(code, main_globals, None,
  File "B:\Anaconda\lib\runpy.py", line 87, in _run_code
    exec(code, run_globals)
  File "B:\documents\coding\github\codespace_play\dizzy\dizzy\daemon\__maServer stopped.
, in <module>
    main()
  File "B:\documents\coding\github\codespace_play\dizzy\dizzy\daemon\__main__.py", line 52, in main
    server()
  File "B:\documents\coding\github\codespace_play\dizzy\dizzy\daemon\__main__.py", line 15, in server
    server = Server()
  File "B:\documents\coding\github\codespace_play\dizzy\dizzy\daemon\server.py", line 14, in __init__
    self.socket.bind("tcp://*:5565")
  File "C:\Users\15039\AppData\Local\pypoetry\Cache\virtualenvs\dizzy-gRbaAiof-py3.9\lib\site-packages\zmq\sugar\socket.py", line 302, in bind
    super().bind(addr)
  File "zmq\backend\cython\socket.pyx", line 564, in zmq.backend.cython.socket.Socket.bind
  File "zmq\backend\cython\checkrc.pxd", line 28, in zmq.backend.cython.checkrc._check_rc
zmq.error.ZMQError: Address in use (addr='tcp://*:5565')
--- 2023-06-20 20:53:23.480547 ---
Traceback (most recent call last):
  File "B:\Anaconda\lib\runpy.py", line 197, in _run_module_as_main
    return _run_code(code, main_globals, None,
  File "B:\Anaconda\lib\runpy.py", line 87, in _run_code
    exec(code, run_globals)
  File "B:\documents\coding\github\codespace_play\dizzy\dizzy\daemon\__main__.py", line 58, in <module>
    main()
  File "B:\documents\coding\github\codespace_play\dizzy\dizzy\daemon\__main__.py", line 52, in main
    server()
  File "B:\documents\coding\github\codespace_play\dizzy\dizzy\daemon\__main__.py", line 15, in server
    server = Server()
  File "B:\documents\coding\github\codespace_play\dizzy\dizzy\daemon\server.py", line 14, in __init__
    self.socket.bind("tcp://*:5565")
  File "C:\Users\15039\AppData\Local\pypoetry\Cache\virtualenvs\dizzy-gRbaAiof-py3.9\lib\site-packages\zmq\sugar\socket.py", line 302, in bind
    super().bind(addr)
  File "zmq\backend\cython\socket.pyx", line 564, in zmq.backend.cython.socket.Socket.bind
  File "zmq\backend\cython\checkrc.pxd", line 28, in zmq.backend.cython.checkrc._check_rc
zmq.error.ZMQError: Address in use (addr='tcp://*:5565')
--- 2023-06-20 20:54:16.290508 ---
Traceback (most recent call last):
  File "B:\Anaconda\lib\runpy.py", line 197, in _run_module_as_main
    return _run_code(code, main_globals, None,
  File "B:\Anaconda\lib\runpy.py", line 87, in _run_code
    exec(code, run_globals)
  File "B:\documents\coding\github\codespace_play\dizzy\dizzy\daemon\__main__.py", line 58, in <module>
    main()
  File "B:\documents\coding\github\codespace_play\dizzy\dizzy\daemon\__main__.py", line 52, in main
    server()
  File "B:\documents\coding\github\codespace_play\dizzy\dizzy\daemon\__main__.py", line 15, in server
    server = Server()
  File "B:\documents\coding\github\codespace_play\dizzy\dizzy\daemon\server.py", line 14, in __init__
    self.socket.bind("tcp://*:5565")
  File "C:\Users\15039\AppData\Local\pypoetry\Cache\virtualenvs\dizzy-gRbaAiof-py3.9\lib\site-packages\zmq\sugar\socket.py", line 302, in bind
    super().bind(addr)
  File "zmq\backend\cython\socket.pyx", line 564, in zmq.backend.cython.socket.Socket.bind
  File "zmq\backend\cython\checkrc.pxd", line 28, in zmq.backend.cython.checkrc._check_rc
zmq.error.ZMQError: Address in use (addr='tcp://*:5565')
--- 2023-06-20 20:57:14.591501 ---
DEBUG:dizzy.service:Created new service manager <dizzy.service.ServiceManager object at 0x0000018A72788310>
DEBUG:dizzy.entity:Created new entity manager <dizzy.entity.EntityManager object at 0x0000018A72766E80>
DEBUG:dizzy.service:Loading service from B:\documents\coding\github\codespace_play\dizzy\data\common_services\uno\service.yml
DEBUG:dizzy.service:[uno] Loading task C from B:\documents\coding\github\codespace_play\dizzy\data\common_services\uno\tasks\moreofthem.py
DEBUG:dizzy.service:[uno] Loading task D from B:\documents\coding\github\codespace_play\dizzy\data\common_services\uno\tasks\moreofthem.py
DEBUG:dizzy.service:[uno] Loading task A from B:\documents\coding\github\codespace_play\dizzy\data\common_services\uno\tasks\sometasks.py
DEBUG:dizzy.service:[uno] Loading task B from B:\documents\coding\github\codespace_play\dizzy\data\common_services\uno\tasks\sometasks.py
DEBUG:dizzy.service:Loaded service uno with tasks ['A', 'B', 'C', 'D']
DEBUG:dizzy.service:Loaded service uno
DEBUG:dizzy.entity:Loading entity from B:\documents\coding\github\codespace_play\dizzy\data\entities\einz\entity.yml
DEBUG:dizzy.service:Created new service manager <dizzy.service.ServiceManager object at 0x0000018A727A7FA0>
DEBUG:dizzy.entity:Found einz service files [WindowsPath('B:/documents/coding/github/codespace_play/dizzy/data/entities/einz/services/dos/service.yml')] in B:\documents\coding\github\codespace_play\dizzy\data\entities\einz\services
DEBUG:dizzy.service:Loading service from B:\documents\coding\github\codespace_play\dizzy\data\entities\einz\services\dos\service.yml
DEBUG:dizzy.service:[dos] Loading task EinzyA from B:\documents\coding\github\codespace_play\dizzy\data\entities\einz\services\dos\tasks\einzy.py
DEBUG:dizzy.service:[dos] Loading task EinzyB from B:\documents\coding\github\codespace_play\dizzy\data\entities\einz\services\dos\tasks\einzy.py
DEBUG:dizzy.service:Loaded service dos with tasks ['EinzyA', 'EinzyB']
DEBUG:dizzy.service:Loaded service dos
DEBUG:dizzy.entity:Loaded entity einz
DEBUG:dizzy.entity:Copying service uno to einz
DEBUG:dizzy.entity:Loaded entities dict_keys(['einz'])
DEBUG:dizzy.daemon.server:Server running...
DEBUG:dizzy.daemon.server:Received request: b'{"entity": "einz", "workflow": "einzy", "ctx": {}}'
DEBUG:dizzy.entity:Running workflow einzy for entity einz
DEBUG:dizzy.service:Running task='A'
DEBUG:dizzy.service:Running tasklist=[<class 'sometasks.A'>]
DEBUG:dizzy.service:-- Running task A, ctx={'workflow': {'input': None, 'result': {}}}
DEBUG:dizzy.service:- Tasklist results: results=['A']
DEBUG:dizzy.service:Running task='EinzyB'
DEBUG:dizzy.service:Running tasklist=[<class 'einzy.EinzyA'>, <class 'einzy.EinzyB'>]
DEBUG:dizzy.service:-- Running task EinzyA, ctx={'workflow': {'input': 'A', 'result': {'A': 'A'}}, 'A': 'A'}
DEBUG:dizzy.service:-- Running task EinzyB, ctx={'workflow': {'input': 'A', 'result': {'A': 'A'}}, 'A': 'A', 'EinzyA': 'A'}
DEBUG:dizzy.service:- Tasklist results: results=['EinzyA', 'AB']
DEBUG:dizzy.service:Running task='D'
DEBUG:dizzy.service:Running tasklist=[<class 'moreofthem.D'>]
DEBUG:dizzy.service:-- Running task D, ctx={'workflow': {'input': 'AB', 'result': {'A': 'A', 'EinzyB': 'AB'}}, 'A': 'A', 'EinzyA': 'A', 'B': 'AB'}
DEBUG:dizzy.service:- Tasklist results: results=['D']
DEBUG:dizzy.daemon.server:Sending response: b'{"status": "success", "errors": [], "info": [], "result": {"A": "A", "EinzyB": "AB", "D": "D"}, "ctx": {}, "entity": "einz", "workflow": "einzy"}'
DEBUG:dizzy.daemon.server:Received request: b'{"entity": "einz", "workflow": "einzy", "ctx": {}}'
DEBUG:dizzy.entity:Running workflow einzy for entity einz
DEBUG:dizzy.service:Running task='A'
DEBUG:dizzy.service:Running tasklist=[<class 'sometasks.A'>]
DEBUG:dizzy.service:-- Running task A, ctx={'workflow': {'input': None, 'result': {}}}
DEBUG:dizzy.service:- Tasklist results: results=['A']
DEBUG:dizzy.service:Running task='EinzyB'
DEBUG:dizzy.service:Running tasklist=[<class 'einzy.EinzyA'>, <class 'einzy.EinzyB'>]
DEBUG:dizzy.service:-- Running task EinzyA, ctx={'workflow': {'input': 'A', 'result': {'A': 'A'}}, 'A': 'A'}
DEBUG:dizzy.service:-- Running task EinzyB, ctx={'workflow': {'input': 'A', 'result': {'A': 'A'}}, 'A': 'A', 'EinzyA': 'A'}
DEBUG:dizzy.service:- Tasklist results: results=['EinzyA', 'AB']
DEBUG:dizzy.service:Running task='D'
DEBUG:dizzy.service:Running tasklist=[<class 'moreofthem.D'>]
DEBUG:dizzy.service:-- Running task D, ctx={'workflow': {'input': 'AB', 'result': {'A': 'A', 'EinzyB': 'AB'}}, 'A': 'A', 'EinzyA': 'A', 'B': 'AB'}
DEBUG:dizzy.service:- Tasklist results: results=['D']
DEBUG:dizzy.daemon.server:Sending response: b'{"status": "success", "errors": [], "info": [], "result": {"A": "A", "EinzyB": "AB", "D": "D"}, "ctx": {}, "entity": "einz", "workflow": "einzy"}'
DEBUG:dizzy.daemon.server:Received request: b'{"entity": "einz", "workflow": "einzy", "ctx": {}}'
DEBUG:dizzy.entity:Running workflow einzy for entity einz
DEBUG:dizzy.service:Running task='A'
DEBUG:dizzy.service:Running tasklist=[<class 'sometasks.A'>]
DEBUG:dizzy.service:-- Running task A, ctx={'workflow': {'input': None, 'result': {}}}
DEBUG:dizzy.service:- Tasklist results: results=['A']
DEBUG:dizzy.service:Running task='EinzyB'
DEBUG:dizzy.service:Running tasklist=[<class 'einzy.EinzyA'>, <class 'einzy.EinzyB'>]
DEBUG:dizzy.service:-- Running task EinzyA, ctx={'workflow': {'input': 'A', 'result': {'A': 'A'}}, 'A': 'A'}
DEBUG:dizzy.service:-- Running task EinzyB, ctx={'workflow': {'input': 'A', 'result': {'A': 'A'}}, 'A': 'A', 'EinzyA': 'A'}
DEBUG:dizzy.service:- Tasklist results: results=['EinzyA', 'AB']
DEBUG:dizzy.service:Running task='D'
DEBUG:dizzy.service:Running tasklist=[<class 'moreofthem.D'>]
DEBUG:dizzy.service:-- Running task D, ctx={'workflow': {'input': 'AB', 'result': {'A': 'A', 'EinzyB': 'AB'}}, 'A': 'A', 'EinzyA': 'A', 'B': 'AB'}
DEBUG:dizzy.service:- Tasklist results: results=['D']
DEBUG:dizzy.daemon.server:Sending response: b'{"status": "success", "errors": [], "info": [], "result": {"A": "A", "EinzyB": "AB", "D": "D"}, "ctx": {}, "entity": "einz", "workflow": "einzy"}'
DEBUG:dizzy.daemon.server:Received request: b'{"entity": "einz", "workflow": "einzy", "ctx": {}}'
DEBUG:dizzy.entity:Running workflow einzy for entity einz
DEBUG:dizzy.service:Running task='A'
DEBUG:dizzy.service:Running tasklist=[<class 'sometasks.A'>]
DEBUG:dizzy.service:-- Running task A, ctx={'workflow': {'input': None, 'result': {}}}
DEBUG:dizzy.service:- Tasklist results: results=['A']
DEBUG:dizzy.service:Running task='EinzyB'
DEBUG:dizzy.service:Running tasklist=[<class 'einzy.EinzyA'>, <class 'einzy.EinzyB'>]
DEBUG:dizzy.service:-- Running task EinzyA, ctx={'workflow': {'input': 'A', 'result': {'A': 'A'}}, 'A': 'A'}
DEBUG:dizzy.service:-- Running task EinzyB, ctx={'workflow': {'input': 'A', 'result': {'A': 'A'}}, 'A': 'A', 'EinzyA': 'A'}
DEBUG:dizzy.service:- Tasklist results: results=['EinzyA', 'AB']
DEBUG:dizzy.service:Running task='D'
DEBUG:dizzy.service:Running tasklist=[<class 'moreofthem.D'>]
DEBUG:dizzy.service:-- Running task D, ctx={'workflow': {'input': 'AB', 'result': {'A': 'A', 'EinzyB': 'AB'}}, 'A': 'A', 'EinzyA': 'A', 'B': 'AB'}
DEBUG:dizzy.service:- Tasklist results: results=['D']
DEBUG:dizzy.daemon.server:Sending response: b'{"status": "success", "errors": [], "info": [], "result": {"A": "A", "EinzyB": "AB", "D": "D"}, "ctx": {}, "entity": "einz", "workflow": "einzy"}'
DEBUG:dizzy.daemon.server:Received request: b'{"entity": "einz", "workflow": "einzy", "ctx": {}}'
DEBUG:dizzy.entity:Running workflow einzy for entity einz
DEBUG:dizzy.service:Running task='A'
DEBUG:dizzy.service:Running tasklist=[<class 'sometasks.A'>]
DEBUG:dizzy.service:-- Running task A, ctx={'workflow': {'input': None, 'result': {}}}
DEBUG:dizzy.service:- Tasklist results: results=['A']
DEBUG:dizzy.service:Running task='EinzyB'
DEBUG:dizzy.service:Running tasklist=[<class 'einzy.EinzyA'>, <class 'einzy.EinzyB'>]
DEBUG:dizzy.service:-- Running task EinzyA, ctx={'workflow': {'input': 'A', 'result': {'A': 'A'}}, 'A': 'A'}
DEBUG:dizzy.service:-- Running task EinzyB, ctx={'workflow': {'input': 'A', 'result': {'A': 'A'}}, 'A': 'A', 'EinzyA': 'A'}
DEBUG:dizzy.service:- Tasklist results: results=['EinzyA', 'AB']
DEBUG:dizzy.service:Running task='D'
DEBUG:dizzy.service:Running tasklist=[<class 'moreofthem.D'>]
DEBUG:dizzy.service:-- Running task D, ctx={'workflow': {'input': 'AB', 'result': {'A': 'A', 'EinzyB': 'AB'}}, 'A': 'A', 'EinzyA': 'A', 'B': 'AB'}
DEBUG:dizzy.service:- Tasklist results: results=['D']
DEBUG:dizzy.daemon.server:Sending response: b'{"status": "success", "errors": [], "info": [], "result": {"A": "A", "EinzyB": "AB", "D": "D"}, "ctx": {}, "entity": "einz", "workflow": "einzy"}'
DEBUG:dizzy.daemon.server:Received request: b'{"entity": "einz", "workflow": "einzy", "ctx": {}}'
DEBUG:dizzy.entity:Running workflow einzy for entity einz
DEBUG:dizzy.service:Running task='A'
DEBUG:dizzy.service:Running tasklist=[<class 'sometasks.A'>]
DEBUG:dizzy.service:-- Running task A, ctx={'workflow': {'input': None, 'result': {}}}
DEBUG:dizzy.service:- Tasklist results: results=['A']
DEBUG:dizzy.service:Running task='EinzyB'
DEBUG:dizzy.service:Running tasklist=[<class 'einzy.EinzyA'>, <class 'einzy.EinzyB'>]
DEBUG:dizzy.service:-- Running task EinzyA, ctx={'workflow': {'input': 'A', 'result': {'A': 'A'}}, 'A': 'A'}
DEBUG:dizzy.service:-- Running task EinzyB, ctx={'workflow': {'input': 'A', 'result': {'A': 'A'}}, 'A': 'A', 'EinzyA': 'A'}
DEBUG:dizzy.service:- Tasklist results: results=['EinzyA', 'AB']
DEBUG:dizzy.service:Running task='D'
DEBUG:dizzy.service:Running tasklist=[<class 'moreofthem.D'>]
DEBUG:dizzy.service:-- Running task D, ctx={'workflow': {'input': 'AB', 'result': {'A': 'A', 'EinzyB': 'AB'}}, 'A': 'A', 'EinzyA': 'A', 'B': 'AB'}
DEBUG:dizzy.service:- Tasklist results: results=['D']
DEBUG:dizzy.daemon.server:Sending response: b'{"status": "success", "errors": [], "info": [], "result": {"A": "A", "EinzyB": "AB", "D": "D"}, "ctx": {}, "entity": "einz", "workflow": "einzy"}'
DEBUG:dizzy.daemon.server:Received request: b'{"entity": "einz", "workflow": "einzy", "ctx": {}}'
DEBUG:dizzy.entity:Running workflow einzy for entity einz
DEBUG:dizzy.service:Running task='A'
DEBUG:dizzy.service:Running tasklist=[<class 'sometasks.A'>]
DEBUG:dizzy.service:-- Running task A, ctx={'workflow': {'input': None, 'result': {}}}
DEBUG:dizzy.service:- Tasklist results: results=['A']
DEBUG:dizzy.service:Running task='EinzyB'
DEBUG:dizzy.service:Running tasklist=[<class 'einzy.EinzyA'>, <class 'einzy.EinzyB'>]
DEBUG:dizzy.service:-- Running task EinzyA, ctx={'workflow': {'input': 'A', 'result': {'A': 'A'}}, 'A': 'A'}
DEBUG:dizzy.service:-- Running task EinzyB, ctx={'workflow': {'input': 'A', 'result': {'A': 'A'}}, 'A': 'A', 'EinzyA': 'A'}
DEBUG:dizzy.service:- Tasklist results: results=['EinzyA', 'AB']
DEBUG:dizzy.service:Running task='D'
DEBUG:dizzy.service:Running tasklist=[<class 'moreofthem.D'>]
DEBUG:dizzy.service:-- Running task D, ctx={'workflow': {'input': 'AB', 'result': {'A': 'A', 'EinzyB': 'AB'}}, 'A': 'A', 'EinzyA': 'A', 'B': 'AB'}
DEBUG:dizzy.service:- Tasklist results: results=['D']
DEBUG:dizzy.daemon.server:Sending response: b'{"status": "success", "errors": [], "info": [], "result": {"A": "A", "EinzyB": "AB", "D": "D"}, "ctx": {}, "entity": "einz", "workflow": "einzy"}'
DEBUG:dizzy.daemon.server:Received request: b'{"entity": "einz", "workflow": "einzy", "ctx": {}}'
DEBUG:dizzy.entity:Running workflow einzy for entity einz
DEBUG:dizzy.service:Running task='A'
DEBUG:dizzy.service:Running tasklist=[<class 'sometasks.A'>]
DEBUG:dizzy.service:-- Running task A, ctx={'workflow': {'input': None, 'result': {}}}
DEBUG:dizzy.service:- Tasklist results: results=['A']
DEBUG:dizzy.service:Running task='EinzyB'
DEBUG:dizzy.service:Running tasklist=[<class 'einzy.EinzyA'>, <class 'einzy.EinzyB'>]
DEBUG:dizzy.service:-- Running task EinzyA, ctx={'workflow': {'input': 'A', 'result': {'A': 'A'}}, 'A': 'A'}
DEBUG:dizzy.service:-- Running task EinzyB, ctx={'workflow': {'input': 'A', 'result': {'A': 'A'}}, 'A': 'A', 'EinzyA': 'A'}
DEBUG:dizzy.service:- Tasklist results: results=['EinzyA', 'AB']
DEBUG:dizzy.service:Running task='D'
DEBUG:dizzy.service:Running tasklist=[<class 'moreofthem.D'>]
DEBUG:dizzy.service:-- Running task D, ctx={'workflow': {'input': 'AB', 'result': {'A': 'A', 'EinzyB': 'AB'}}, 'A': 'A', 'EinzyA': 'A', 'B': 'AB'}
DEBUG:dizzy.service:- Tasklist results: results=['D']
DEBUG:dizzy.daemon.server:Sending response: b'{"status": "success", "errors": [], "info": [], "result": {"A": "A", "EinzyB": "AB", "D": "D"}, "ctx": {}, "entity": "einz", "workflow": "einzy"}'
--- 2023-06-20 20:58:09.525765 ---
DEBUG:dizzy.service:Created new service manager <dizzy.service.ServiceManager object at 0x000001EDBF8F7CD0>
DEBUG:dizzy.entity:Created new entity manager <dizzy.entity.EntityManager object at 0x000001EDBF8F7DF0>
DEBUG:dizzy.service:Loading service from B:\documents\coding\github\codespace_play\dizzy\data\common_services\uno\service.yml
DEBUG:dizzy.service:[uno] Loading task C from B:\documents\coding\github\codespace_play\dizzy\data\common_services\uno\tasks\moreofthem.py
DEBUG:dizzy.service:[uno] Loading task D from B:\documents\coding\github\codespace_play\dizzy\data\common_services\uno\tasks\moreofthem.py
DEBUG:dizzy.service:[uno] Loading task A from B:\documents\coding\github\codespace_play\dizzy\data\common_services\uno\tasks\sometasks.py
DEBUG:dizzy.service:[uno] Loading task B from B:\documents\coding\github\codespace_play\dizzy\data\common_services\uno\tasks\sometasks.py
DEBUG:dizzy.service:Loaded service uno with tasks ['A', 'B', 'C', 'D']
DEBUG:dizzy.service:Loaded service uno
DEBUG:dizzy.entity:Loading entity from B:\documents\coding\github\codespace_play\dizzy\data\entities\einz\entity.yml
DEBUG:dizzy.service:Created new service manager <dizzy.service.ServiceManager object at 0x000001EDBF8F77C0>
DEBUG:dizzy.entity:Found einz service files [WindowsPath('B:/documents/coding/github/codespace_play/dizzy/data/entities/einz/services/dos/service.yml')] in B:\documents\coding\github\codespace_play\dizzy\data\entities\einz\services
DEBUG:dizzy.service:Loading service from B:\documents\coding\github\codespace_play\dizzy\data\entities\einz\services\dos\service.yml
DEBUG:dizzy.service:[dos] Loading task EinzyA from B:\documents\coding\github\codespace_play\dizzy\data\entities\einz\services\dos\tasks\einzy.py
DEBUG:dizzy.service:[dos] Loading task EinzyB from B:\documents\coding\github\codespace_play\dizzy\data\entities\einz\services\dos\tasks\einzy.py
DEBUG:dizzy.service:Loaded service dos with tasks ['EinzyA', 'EinzyB']
DEBUG:dizzy.service:Loaded service dos
DEBUG:dizzy.entity:Loaded entity einz
DEBUG:dizzy.entity:Copying service uno to einz
DEBUG:dizzy.entity:Loaded entities dict_keys(['einz'])
DEBUG:dizzy.daemon.server:Server running...
DEBUG:dizzy.daemon.server:Received request: b'{"entity": "einz", "workflow": "einzy", "ctx": {}}'
DEBUG:dizzy.entity:Running workflow einzy for entity einz
DEBUG:dizzy.service:Running task='A'
DEBUG:dizzy.service:Running tasklist=[<class 'sometasks.A'>]
DEBUG:dizzy.service:-- Running task A, ctx={'workflow': {'input': None, 'result': {}}}
DEBUG:dizzy.service:- Tasklist results: results=['A']
DEBUG:dizzy.service:Running task='EinzyB'
DEBUG:dizzy.service:Running tasklist=[<class 'einzy.EinzyA'>, <class 'einzy.EinzyB'>]
DEBUG:dizzy.service:-- Running task EinzyA, ctx={'workflow': {'input': 'A', 'result': {'A': 'A'}}, 'A': 'A'}
DEBUG:dizzy.service:-- Running task EinzyB, ctx={'workflow': {'input': 'A', 'result': {'A': 'A'}}, 'A': 'A', 'EinzyA': 'A'}
DEBUG:dizzy.service:- Tasklist results: results=['EinzyA', 'AB']
DEBUG:dizzy.service:Running task='D'
DEBUG:dizzy.service:Running tasklist=[<class 'moreofthem.D'>]
DEBUG:dizzy.service:-- Running task D, ctx={'workflow': {'input': 'AB', 'result': {'A': 'A', 'EinzyB': 'AB'}}, 'A': 'A', 'EinzyA': 'A', 'B': 'AB'}
DEBUG:dizzy.service:- Tasklist results: results=['D']
DEBUG:dizzy.daemon.server:Sending response: b'{"status": "success", "errors": [], "info": [], "result": {"A": "A", "EinzyB": "AB", "D": "D"}, "ctx": {}, "entity": "einz", "workflow": "einzy"}'
DEBUG:dizzy.daemon.server:Received request: b'{"entity": "einz", "workflow": "einzy", "ctx": {}}'
DEBUG:dizzy.entity:Running workflow einzy for entity einz
DEBUG:dizzy.service:Running task='A'
DEBUG:dizzy.service:Running tasklist=[<class 'sometasks.A'>]
DEBUG:dizzy.service:-- Running task A, ctx={'workflow': {'input': None, 'result': {}}}
DEBUG:dizzy.service:- Tasklist results: results=['A']
DEBUG:dizzy.service:Running task='EinzyB'
DEBUG:dizzy.service:Running tasklist=[<class 'einzy.EinzyA'>, <class 'einzy.EinzyB'>]
DEBUG:dizzy.service:-- Running task EinzyA, ctx={'workflow': {'input': 'A', 'result': {'A': 'A'}}, 'A': 'A'}
DEBUG:dizzy.service:-- Running task EinzyB, ctx={'workflow': {'input': 'A', 'result': {'A': 'A'}}, 'A': 'A', 'EinzyA': 'A'}
DEBUG:dizzy.service:- Tasklist results: results=['EinzyA', 'AB']
DEBUG:dizzy.service:Running task='D'
DEBUG:dizzy.service:Running tasklist=[<class 'moreofthem.D'>]
DEBUG:dizzy.service:-- Running task D, ctx={'workflow': {'input': 'AB', 'result': {'A': 'A', 'EinzyB': 'AB'}}, 'A': 'A', 'EinzyA': 'A', 'B': 'AB'}
DEBUG:dizzy.service:- Tasklist results: results=['D']
DEBUG:dizzy.daemon.server:Sending response: b'{"status": "success", "errors": [], "info": [], "result": {"A": "A", "EinzyB": "AB", "D": "D"}, "ctx": {}, "entity": "einz", "workflow": "einzy"}'
DEBUG:dizzy.daemon.server:Received request: b'{"entity": "einz", "workflow": "einzy", "ctx": {}}'
DEBUG:dizzy.entity:Running workflow einzy for entity einz
DEBUG:dizzy.service:Running task='A'
DEBUG:dizzy.service:Running tasklist=[<class 'sometasks.A'>]
DEBUG:dizzy.service:-- Running task A, ctx={'workflow': {'input': None, 'result': {}}}
DEBUG:dizzy.service:- Tasklist results: results=['A']
DEBUG:dizzy.service:Running task='EinzyB'
DEBUG:dizzy.service:Running tasklist=[<class 'einzy.EinzyA'>, <class 'einzy.EinzyB'>]
DEBUG:dizzy.service:-- Running task EinzyA, ctx={'workflow': {'input': 'A', 'result': {'A': 'A'}}, 'A': 'A'}
DEBUG:dizzy.service:-- Running task EinzyB, ctx={'workflow': {'input': 'A', 'result': {'A': 'A'}}, 'A': 'A', 'EinzyA': 'A'}
DEBUG:dizzy.service:- Tasklist results: results=['EinzyA', 'AB']
DEBUG:dizzy.service:Running task='D'
DEBUG:dizzy.service:Running tasklist=[<class 'moreofthem.D'>]
DEBUG:dizzy.service:-- Running task D, ctx={'workflow': {'input': 'AB', 'result': {'A': 'A', 'EinzyB': 'AB'}}, 'A': 'A', 'EinzyA': 'A', 'B': 'AB'}
DEBUG:dizzy.service:- Tasklist results: results=['D']
DEBUG:dizzy.daemon.server:Sending response: b'{"status": "success", "errors": [], "info": [], "result": {"A": "A", "EinzyB": "AB", "D": "D"}, "ctx": {}, "entity": "einz", "workflow": "einzy"}'
--- 2023-06-20 20:59:54.543406 ---
DEBUG:dizzy.service:Created new service manager <dizzy.service.ServiceManager object at 0x00000210A3328310>
DEBUG:dizzy.entity:Created new entity manager <dizzy.entity.EntityManager object at 0x00000210A3306E80>
DEBUG:dizzy.service:Loading service from B:\documents\coding\github\codespace_play\dizzy\data\common_services\uno\service.yml
DEBUG:dizzy.service:[uno] Loading task C from B:\documents\coding\github\codespace_play\dizzy\data\common_services\uno\tasks\moreofthem.py
DEBUG:dizzy.service:[uno] Loading task D from B:\documents\coding\github\codespace_play\dizzy\data\common_services\uno\tasks\moreofthem.py
DEBUG:dizzy.service:[uno] Loading task A from B:\documents\coding\github\codespace_play\dizzy\data\common_services\uno\tasks\sometasks.py
DEBUG:dizzy.service:[uno] Loading task B from B:\documents\coding\github\codespace_play\dizzy\data\common_services\uno\tasks\sometasks.py
DEBUG:dizzy.service:Loaded service uno with tasks ['A', 'B', 'C', 'D']
DEBUG:dizzy.service:Loaded service uno
DEBUG:dizzy.entity:Loading entity from B:\documents\coding\github\codespace_play\dizzy\data\entities\einz\entity.yml
DEBUG:dizzy.service:Created new service manager <dizzy.service.ServiceManager object at 0x00000210A3347FA0>
DEBUG:dizzy.entity:Found einz service files [WindowsPath('B:/documents/coding/github/codespace_play/dizzy/data/entities/einz/services/dos/service.yml')] in B:\documents\coding\github\codespace_play\dizzy\data\entities\einz\services
DEBUG:dizzy.service:Loading service from B:\documents\coding\github\codespace_play\dizzy\data\entities\einz\services\dos\service.yml
DEBUG:dizzy.service:[dos] Loading task EinzyA from B:\documents\coding\github\codespace_play\dizzy\data\entities\einz\services\dos\tasks\einzy.py
DEBUG:dizzy.service:[dos] Loading task EinzyB from B:\documents\coding\github\codespace_play\dizzy\data\entities\einz\services\dos\tasks\einzy.py
DEBUG:dizzy.service:Loaded service dos with tasks ['EinzyA', 'EinzyB']
DEBUG:dizzy.service:Loaded service dos
DEBUG:dizzy.entity:Loaded entity einz
DEBUG:dizzy.entity:Copying service uno to einz
DEBUG:dizzy.entity:Loaded entities dict_keys(['einz'])
DEBUG:dizzy.daemon.server:Server running...
DEBUG:dizzy.daemon.server:Received request: b'{"entity": "einz", "workflow": "einzy", "ctx": {}}'
DEBUG:dizzy.entity:Running workflow einzy for entity einz
DEBUG:dizzy.service:Running task='A'
DEBUG:dizzy.service:Running tasklist=[<class 'sometasks.A'>]
DEBUG:dizzy.service:-- Running task A, ctx={'workflow': {'input': None, 'result': {}}}
DEBUG:dizzy.service:- Tasklist results: results=['A']
DEBUG:dizzy.service:Running task='EinzyB'
DEBUG:dizzy.service:Running tasklist=[<class 'einzy.EinzyA'>, <class 'einzy.EinzyB'>]
DEBUG:dizzy.service:-- Running task EinzyA, ctx={'workflow': {'input': 'A', 'result': {'A': 'A'}}, 'A': 'A'}
DEBUG:dizzy.service:-- Running task EinzyB, ctx={'workflow': {'input': 'A', 'result': {'A': 'A'}}, 'A': 'A', 'EinzyA': 'A'}
DEBUG:dizzy.service:- Tasklist results: results=['EinzyA', 'AB']
DEBUG:dizzy.service:Running task='D'
DEBUG:dizzy.service:Running tasklist=[<class 'moreofthem.D'>]
DEBUG:dizzy.service:-- Running task D, ctx={'workflow': {'input': 'AB', 'result': {'A': 'A', 'EinzyB': 'AB'}}, 'A': 'A', 'EinzyA': 'A', 'B': 'AB'}
DEBUG:dizzy.service:- Tasklist results: results=['D']
DEBUG:dizzy.daemon.server:Sending response: b'{"status": "success", "errors": [], "info": [], "result": {"A": "A", "EinzyB": "AB", "D": "D"}, "ctx": {}, "entity": "einz", "workflow": "einzy"}'
DEBUG:dizzy.daemon.server:Received request: b'{"entity": "einz", "workflow": "einzy", "ctx": {}}'
DEBUG:dizzy.entity:Running workflow einzy for entity einz
DEBUG:dizzy.service:Running task='A'
DEBUG:dizzy.service:Running tasklist=[<class 'sometasks.A'>]
DEBUG:dizzy.service:-- Running task A, ctx={'workflow': {'input': None, 'result': {}}}
DEBUG:dizzy.service:- Tasklist results: results=['A']
DEBUG:dizzy.service:Running task='EinzyB'
DEBUG:dizzy.service:Running tasklist=[<class 'einzy.EinzyA'>, <class 'einzy.EinzyB'>]
DEBUG:dizzy.service:-- Running task EinzyA, ctx={'workflow': {'input': 'A', 'result': {'A': 'A'}}, 'A': 'A'}
DEBUG:dizzy.service:-- Running task EinzyB, ctx={'workflow': {'input': 'A', 'result': {'A': 'A'}}, 'A': 'A', 'EinzyA': 'A'}
DEBUG:dizzy.service:- Tasklist results: results=['EinzyA', 'AB']
DEBUG:dizzy.service:Running task='D'
DEBUG:dizzy.service:Running tasklist=[<class 'moreofthem.D'>]
DEBUG:dizzy.service:-- Running task D, ctx={'workflow': {'input': 'AB', 'result': {'A': 'A', 'EinzyB': 'AB'}}, 'A': 'A', 'EinzyA': 'A', 'B': 'AB'}
DEBUG:dizzy.service:- Tasklist results: results=['D']
DEBUG:dizzy.daemon.server:Sending response: b'{"status": "success", "errors": [], "info": [], "result": {"A": "A", "EinzyB": "AB", "D": "D"}, "ctx": {}, "entity": "einz", "workflow": "einzy"}'
DEBUG:dizzy.daemon.server:Received request: b'{"entity": "einz", "workflow": "einzy", "ctx": {}}'
DEBUG:dizzy.entity:Running workflow einzy for entity einz
DEBUG:dizzy.service:Running task='A'
DEBUG:dizzy.service:Running tasklist=[<class 'sometasks.A'>]
DEBUG:dizzy.service:-- Running task A, ctx={'workflow': {'input': None, 'result': {}}}
DEBUG:dizzy.service:- Tasklist results: results=['A']
DEBUG:dizzy.service:Running task='EinzyB'
DEBUG:dizzy.service:Running tasklist=[<class 'einzy.EinzyA'>, <class 'einzy.EinzyB'>]
DEBUG:dizzy.service:-- Running task EinzyA, ctx={'workflow': {'input': 'A', 'result': {'A': 'A'}}, 'A': 'A'}
DEBUG:dizzy.service:-- Running task EinzyB, ctx={'workflow': {'input': 'A', 'result': {'A': 'A'}}, 'A': 'A', 'EinzyA': 'A'}
DEBUG:dizzy.service:- Tasklist results: results=['EinzyA', 'AB']
DEBUG:dizzy.service:Running task='D'
DEBUG:dizzy.service:Running tasklist=[<class 'moreofthem.D'>]
DEBUG:dizzy.service:-- Running task D, ctx={'workflow': {'input': 'AB', 'result': {'A': 'A', 'EinzyB': 'AB'}}, 'A': 'A', 'EinzyA': 'A', 'B': 'AB'}
DEBUG:dizzy.service:- Tasklist results: results=['D']
DEBUG:dizzy.daemon.server:Sending response: b'{"status": "success", "errors": [], "info": [], "result": {"A": "A", "EinzyB": "AB", "D": "D"}, "ctx": {}, "entity": "einz", "workflow": "einzy"}'
DEBUG:dizzy.daemon.server:Received request: b'{"entity": "einz", "workflow": "einzy", "ctx": {}}'
DEBUG:dizzy.entity:Running workflow einzy for entity einz
DEBUG:dizzy.service:Running task='A'
DEBUG:dizzy.service:Running tasklist=[<class 'sometasks.A'>]
DEBUG:dizzy.service:-- Running task A, ctx={'workflow': {'input': None, 'result': {}}}
DEBUG:dizzy.service:- Tasklist results: results=['A']
DEBUG:dizzy.service:Running task='EinzyB'
DEBUG:dizzy.service:Running tasklist=[<class 'einzy.EinzyA'>, <class 'einzy.EinzyB'>]
DEBUG:dizzy.service:-- Running task EinzyA, ctx={'workflow': {'input': 'A', 'result': {'A': 'A'}}, 'A': 'A'}
DEBUG:dizzy.service:-- Running task EinzyB, ctx={'workflow': {'input': 'A', 'result': {'A': 'A'}}, 'A': 'A', 'EinzyA': 'A'}
DEBUG:dizzy.service:- Tasklist results: results=['EinzyA', 'AB']
DEBUG:dizzy.service:Running task='D'
DEBUG:dizzy.service:Running tasklist=[<class 'moreofthem.D'>]
DEBUG:dizzy.service:-- Running task D, ctx={'workflow': {'input': 'AB', 'result': {'A': 'A', 'EinzyB': 'AB'}}, 'A': 'A', 'EinzyA': 'A', 'B': 'AB'}
DEBUG:dizzy.service:- Tasklist results: results=['D']
DEBUG:dizzy.daemon.server:Sending response: b'{"status": "success", "errors": [], "info": [], "result": {"A": "A", "EinzyB": "AB", "D": "D"}, "ctx": {}, "entity": "einz", "workflow": "einzy"}'
Server stopped.
